Arguments: 
  /root/.nvm/versions/node/v16.13.1/bin/node /root/.nvm/versions/node/v16.13.1/bin/yarn add i2c-bus

PATH: 
  /root/.vscode-server/bin/899d46d82c4c95423fb7e10e68eba52050e30ba3/bin:/root/.nvm/versions/node/v16.13.1/bin:/root/.vscode-server/bin/899d46d82c4c95423fb7e10e68eba52050e30ba3/bin:/usr/local/sbin:/usr/local/bin:/usr/sbin:/usr/bin:/sbin:/bin:/usr/games:/usr/local/games:/snap/bin

Yarn version: 
  1.22.17

Node version: 
  16.13.1

Platform: 
  linux arm64

Trace: 
  SyntaxError: /home/test/package.json: Unexpected end of JSON input
      at JSON.parse (<anonymous>)
      at /root/.nvm/versions/node/v16.13.1/lib/node_modules/yarn/lib/cli.js:1625:59
      at Generator.next (<anonymous>)
      at step (/root/.nvm/versions/node/v16.13.1/lib/node_modules/yarn/lib/cli.js:310:30)
      at /root/.nvm/versions/node/v16.13.1/lib/node_modules/yarn/lib/cli.js:321:13

npm manifest: 
  

yarn manifest: 
  No manifest

Lockfile: 
  No lockfile
